<?xml version="1.0" encoding="UTF-8"?>
<robot generator="Robot 3.1.2 (Python 3.7.4 on win32)" generated="20190805 14:53:34.539" rpa="false">
<suite id="s1" name="Tests" source="D:\Mobile-Automation-Appium\mobile-native-app\Tests">
<suite id="s1-s1" name="Suite" source="D:\Mobile-Automation-Appium\mobile-native-app\Tests\Suite">
<suite id="s1-s1-s1" name="Beginner" source="D:\Mobile-Automation-Appium\mobile-native-app\Tests\Suite\Beginner">
<suite id="s1-s1-s1-s1" name="Topic" source="D:\Mobile-Automation-Appium\mobile-native-app\Tests\Suite\Beginner\Topic">
<suite id="s1-s1-s1-s1-s1" name="Present Simple" source="D:\Mobile-Automation-Appium\mobile-native-app\Tests\Suite\Beginner\Topic\Present_Simple">
<suite id="s1-s1-s1-s1-s1-s1" name="Statement Easy" source="D:\Mobile-Automation-Appium\mobile-native-app\Tests\Suite\Beginner\Topic\Present_Simple\Statement_Easy.robot">
<kw name="User Prepare The Test Environment" library="Base_Test" type="setup">
<kw name="User Open Application" library="Base_Test">
<kw name="Open Application" library="GetLibrary">
<doc>Opens a new application to given Appium server.
Capabilities of appium server, Android and iOS,
Please check https://github.com/appium/appium/blob/master/docs/en/writing-running-appium/server-args.md
| *Option*            | *Man.* | *Description*     |
| remote_url          | Yes    | Appium server url |
| alias               | no     | alias             |</doc>
<arguments>
<arg>${REMOTE_URL}</arg>
<arg>platformName=${DESIRE_CAPABILITIES.platformName}</arg>
<arg>appium:deviceName=${DESIRE_CAPABILITIES.deviceName}</arg>
<arg>appium:platformVersion=${DESIRE_CAPABILITIES.platformVersion}</arg>
<arg>app=D:\\Mobile-Automation-Appium\\mobile-native-app\\Tests\\${DESIRE_CAPABILITIES.app}</arg>
<arg>appActivity=${DESIRE_CAPABILITIES.appActivity}</arg>
<arg>automationName=${DESIRE_CAPABILITIES.automationName}</arg>
</arguments>
<status status="PASS" starttime="20190805 14:53:34.758" endtime="20190805 14:53:44.156"></status>
</kw>
<status status="PASS" starttime="20190805 14:53:34.758" endtime="20190805 14:53:44.156"></status>
</kw>
<kw name="User Should See The Content Of Home Page" library="Main_Page_Page">
<kw name="Wait Until Home Page Is Loaded" library="Main_Page_Actions">
<kw name="Wait Until Element Is Visible" library="GetLibrary">
<doc>Waits until element specified with `locator` is visible.</doc>
<arguments>
<arg>${MAIN_PAGE_MENU_BUTTON}</arg>
</arguments>
<status status="PASS" starttime="20190805 14:53:44.156" endtime="20190805 14:53:44.442"></status>
</kw>
<kw name="Wait Until Element Is Visible" library="GetLibrary">
<doc>Waits until element specified with `locator` is visible.</doc>
<arguments>
<arg>${BEGINNER_BUTTON}</arg>
</arguments>
<status status="PASS" starttime="20190805 14:53:44.442" endtime="20190805 14:53:44.491"></status>
</kw>
<kw name="Wait Until Element Is Visible" library="GetLibrary">
<doc>Waits until element specified with `locator` is visible.</doc>
<arguments>
<arg>${ADVANCED_BUTTON}</arg>
</arguments>
<status status="PASS" starttime="20190805 14:53:44.492" endtime="20190805 14:53:44.538"></status>
</kw>
<kw name="Wait Until Element Is Visible" library="GetLibrary">
<doc>Waits until element specified with `locator` is visible.</doc>
<arguments>
<arg>${MY_FAVORITES_BUTTON}</arg>
</arguments>
<status status="PASS" starttime="20190805 14:53:44.538" endtime="20190805 14:53:44.574"></status>
</kw>
<kw name="Wait Until Element Is Visible" library="GetLibrary">
<doc>Waits until element specified with `locator` is visible.</doc>
<arguments>
<arg>${LEARN_ENGLISH_SPEAKNING_BUTTON}</arg>
</arguments>
<status status="PASS" starttime="20190805 14:53:44.574" endtime="20190805 14:53:44.611"></status>
</kw>
<status status="PASS" starttime="20190805 14:53:44.156" endtime="20190805 14:53:44.611"></status>
</kw>
<status status="PASS" starttime="20190805 14:53:44.156" endtime="20190805 14:53:44.611"></status>
</kw>
<status status="PASS" starttime="20190805 14:53:34.758" endtime="20190805 14:53:44.611"></status>
</kw>
<test id="s1-s1-s1-s1-s1-s1-t1" name="User Can Answer Statement Easy Test">
<kw name="Given User Navigate To Beginner &gt; Topic &gt; &quot;PRESENT SIMPLE&quot; &gt; &quot;Present simple - statement (easy)&quot;" library="Common_Page">
<kw name="User Open Beginner Page" library="Main_Page_Page">
<kw name="Click On Beginner Button" library="Main_Page_Actions">
<kw name="Click Element" library="GetLibrary">
<doc>Click element identified by `locator`.</doc>
<arguments>
<arg>${BEGINNER_BUTTON}</arg>
</arguments>
<msg timestamp="20190805 14:53:44.615" level="INFO">Clicking element 'id=tv_imtermediate_lv'.</msg>
<status status="PASS" starttime="20190805 14:53:44.613" endtime="20190805 14:53:44.660"></status>
</kw>
<status status="PASS" starttime="20190805 14:53:44.613" endtime="20190805 14:53:44.660"></status>
</kw>
<status status="PASS" starttime="20190805 14:53:44.612" endtime="20190805 14:53:44.660"></status>
</kw>
<kw name="Navigate To Beginner &gt; Topic &gt; &quot;${path_1}&quot; &gt; &quot;${path_2}&quot;" library="Common_Actions">
<kw name="Click On Element By Text" library="Common_Actions">
<arguments>
<arg>${TEST_PAGE_LINK}</arg>
<arg>${path_1}</arg>
</arguments>
<kw name="Replace String" library="String">
<doc>Replaces ``search_for`` in the given ``string`` with ``replace_with``.</doc>
<arguments>
<arg>${element_xpath}</arg>
<arg>${regrex}</arg>
<arg>${text}</arg>
</arguments>
<assign>
<var>${xpath}</var>
</assign>
<msg timestamp="20190805 14:53:44.661" level="INFO">${xpath} = xpath=//*[@resource-id='com.truatvl.englishgrammartest.dev:id/tv_topic_name' and contains(@text,'PRESENT SIMPLE')]</msg>
<status status="PASS" starttime="20190805 14:53:44.661" endtime="20190805 14:53:44.661"></status>
</kw>
<kw name="Wait Until Page Contains Element" library="GetLibrary">
<doc>Waits until element specified with `locator` appears on current page.</doc>
<arguments>
<arg>${xpath}</arg>
<arg>30</arg>
</arguments>
<status status="PASS" starttime="20190805 14:53:44.662" endtime="20190805 14:53:46.284"></status>
</kw>
<kw name="Click Element" library="GetLibrary">
<doc>Click element identified by `locator`.</doc>
<arguments>
<arg>${xpath}</arg>
</arguments>
<msg timestamp="20190805 14:53:46.285" level="INFO">Clicking element 'xpath=//*[@resource-id='com.truatvl.englishgrammartest.dev:id/tv_topic_name' and contains(@text,'PRESENT SIMPLE')]'.</msg>
<status status="PASS" starttime="20190805 14:53:46.284" endtime="20190805 14:53:46.611"></status>
</kw>
<status status="PASS" starttime="20190805 14:53:44.661" endtime="20190805 14:53:46.611"></status>
</kw>
<kw name="Click On Element By Text" library="Common_Actions">
<arguments>
<arg>${TEST_PAGE_LINK}</arg>
<arg>${path_2}</arg>
</arguments>
<kw name="Replace String" library="String">
<doc>Replaces ``search_for`` in the given ``string`` with ``replace_with``.</doc>
<arguments>
<arg>${element_xpath}</arg>
<arg>${regrex}</arg>
<arg>${text}</arg>
</arguments>
<assign>
<var>${xpath}</var>
</assign>
<msg timestamp="20190805 14:53:46.612" level="INFO">${xpath} = xpath=//*[@resource-id='com.truatvl.englishgrammartest.dev:id/tv_topic_name' and contains(@text,'Present simple - statement (easy)')]</msg>
<status status="PASS" starttime="20190805 14:53:46.612" endtime="20190805 14:53:46.612"></status>
</kw>
<kw name="Wait Until Page Contains Element" library="GetLibrary">
<doc>Waits until element specified with `locator` appears on current page.</doc>
<arguments>
<arg>${xpath}</arg>
<arg>30</arg>
</arguments>
<status status="PASS" starttime="20190805 14:53:46.612" endtime="20190805 14:53:47.601"></status>
</kw>
<kw name="Click Element" library="GetLibrary">
<doc>Click element identified by `locator`.</doc>
<arguments>
<arg>${xpath}</arg>
</arguments>
<msg timestamp="20190805 14:53:47.603" level="INFO">Clicking element 'xpath=//*[@resource-id='com.truatvl.englishgrammartest.dev:id/tv_topic_name' and contains(@text,'Present simple - statement (easy)')]'.</msg>
<status status="PASS" starttime="20190805 14:53:47.602" endtime="20190805 14:53:47.898"></status>
</kw>
<status status="PASS" starttime="20190805 14:53:46.611" endtime="20190805 14:53:47.898"></status>
</kw>
<status status="PASS" starttime="20190805 14:53:44.660" endtime="20190805 14:53:47.898"></status>
</kw>
<status status="PASS" starttime="20190805 14:53:44.612" endtime="20190805 14:53:47.899"></status>
</kw>
<kw name="When User Answers Topic Questions" library="Common_Page">
<arguments>
<arg>${statement_easy_1}</arg>
</arguments>
<kw name="${key} IN [ @{values} ]" type="for">
<kw name="${key} = QUESTION_1" type="foritem">
<kw name="Get From Dictionary" library="Collections">
<doc>Returns a value from the given ``dictionary`` based on the given ``key``.</doc>
<arguments>
<arg>${values}</arg>
<arg>${key}</arg>
</arguments>
<assign>
<var>${value}</var>
</assign>
<msg timestamp="20190805 14:53:47.900" level="INFO">${value} = 1. live</msg>
<status status="PASS" starttime="20190805 14:53:47.900" endtime="20190805 14:53:47.900"></status>
</kw>
<kw name="Click On Answer &quot;${value}&quot;" library="Common_Actions">
<kw name="Click On Element By Text" library="Common_Actions">
<arguments>
<arg>${ANSWER}</arg>
<arg>${text}</arg>
</arguments>
<kw name="Replace String" library="String">
<doc>Replaces ``search_for`` in the given ``string`` with ``replace_with``.</doc>
<arguments>
<arg>${element_xpath}</arg>
<arg>${regrex}</arg>
<arg>${text}</arg>
</arguments>
<assign>
<var>${xpath}</var>
</assign>
<msg timestamp="20190805 14:53:47.901" level="INFO">${xpath} = xpath=//*[@resource-id='com.truatvl.englishgrammartest.dev:id/rad_groupd']/*[contains(@text,'1. live')]</msg>
<status status="PASS" starttime="20190805 14:53:47.900" endtime="20190805 14:53:47.901"></status>
</kw>
<kw name="Wait Until Page Contains Element" library="GetLibrary">
<doc>Waits until element specified with `locator` appears on current page.</doc>
<arguments>
<arg>${xpath}</arg>
<arg>30</arg>
</arguments>
<status status="PASS" starttime="20190805 14:53:47.901" endtime="20190805 14:53:48.769"></status>
</kw>
<kw name="Click Element" library="GetLibrary">
<doc>Click element identified by `locator`.</doc>
<arguments>
<arg>${xpath}</arg>
</arguments>
<msg timestamp="20190805 14:53:48.770" level="INFO">Clicking element 'xpath=//*[@resource-id='com.truatvl.englishgrammartest.dev:id/rad_groupd']/*[contains(@text,'1. live')]'.</msg>
<status status="PASS" starttime="20190805 14:53:48.769" endtime="20190805 14:53:49.394"></status>
</kw>
<status status="PASS" starttime="20190805 14:53:47.900" endtime="20190805 14:53:49.394"></status>
</kw>
<status status="PASS" starttime="20190805 14:53:47.900" endtime="20190805 14:53:49.394"></status>
</kw>
<kw name="Run Keyword If" library="BuiltIn">
<doc>Runs the given keyword with the given arguments, if ``condition`` is true.</doc>
<arguments>
<arg>'${key}' != 'END'</arg>
<arg>Click On Next Button</arg>
<arg>ELSE</arg>
<arg>Click On Check Result Button</arg>
</arguments>
<kw name="Click On Next Button" library="Common_Actions">
<kw name="Wait Until Page Contains Element" library="GetLibrary">
<doc>Waits until element specified with `locator` appears on current page.</doc>
<arguments>
<arg>${NEXT_BUTTON}</arg>
<arg>30</arg>
</arguments>
<status status="PASS" starttime="20190805 14:53:49.395" endtime="20190805 14:53:50.013"></status>
</kw>
<kw name="Click Element" library="GetLibrary">
<doc>Click element identified by `locator`.</doc>
<arguments>
<arg>${NEXT_BUTTON}</arg>
</arguments>
<msg timestamp="20190805 14:53:50.015" level="INFO">Clicking element 'id=imv_next'.</msg>
<status status="PASS" starttime="20190805 14:53:50.013" endtime="20190805 14:53:50.065"></status>
</kw>
<status status="PASS" starttime="20190805 14:53:49.395" endtime="20190805 14:53:50.065"></status>
</kw>
<status status="PASS" starttime="20190805 14:53:49.394" endtime="20190805 14:53:50.065"></status>
</kw>
<status status="PASS" starttime="20190805 14:53:47.900" endtime="20190805 14:53:50.065"></status>
</kw>
<kw name="${key} = QUESTION_2" type="foritem">
<kw name="Get From Dictionary" library="Collections">
<doc>Returns a value from the given ``dictionary`` based on the given ``key``.</doc>
<arguments>
<arg>${values}</arg>
<arg>${key}</arg>
</arguments>
<assign>
<var>${value}</var>
</assign>
<msg timestamp="20190805 14:53:50.066" level="INFO">${value} = 2. works</msg>
<status status="PASS" starttime="20190805 14:53:50.066" endtime="20190805 14:53:50.066"></status>
</kw>
<kw name="Click On Answer &quot;${value}&quot;" library="Common_Actions">
<kw name="Click On Element By Text" library="Common_Actions">
<arguments>
<arg>${ANSWER}</arg>
<arg>${text}</arg>
</arguments>
<kw name="Replace String" library="String">
<doc>Replaces ``search_for`` in the given ``string`` with ``replace_with``.</doc>
<arguments>
<arg>${element_xpath}</arg>
<arg>${regrex}</arg>
<arg>${text}</arg>
</arguments>
<assign>
<var>${xpath}</var>
</assign>
<msg timestamp="20190805 14:53:50.067" level="INFO">${xpath} = xpath=//*[@resource-id='com.truatvl.englishgrammartest.dev:id/rad_groupd']/*[contains(@text,'2. works')]</msg>
<status status="PASS" starttime="20190805 14:53:50.067" endtime="20190805 14:53:50.067"></status>
</kw>
<kw name="Wait Until Page Contains Element" library="GetLibrary">
<doc>Waits until element specified with `locator` appears on current page.</doc>
<arguments>
<arg>${xpath}</arg>
<arg>30</arg>
</arguments>
<status status="PASS" starttime="20190805 14:53:50.067" endtime="20190805 14:53:50.899"></status>
</kw>
<kw name="Click Element" library="GetLibrary">
<doc>Click element identified by `locator`.</doc>
<arguments>
<arg>${xpath}</arg>
</arguments>
<msg timestamp="20190805 14:53:50.900" level="INFO">Clicking element 'xpath=//*[@resource-id='com.truatvl.englishgrammartest.dev:id/rad_groupd']/*[contains(@text,'2. works')]'.</msg>
<status status="PASS" starttime="20190805 14:53:50.899" endtime="20190805 14:53:51.126"></status>
</kw>
<status status="PASS" starttime="20190805 14:53:50.066" endtime="20190805 14:53:51.126"></status>
</kw>
<status status="PASS" starttime="20190805 14:53:50.066" endtime="20190805 14:53:51.126"></status>
</kw>
<kw name="Run Keyword If" library="BuiltIn">
<doc>Runs the given keyword with the given arguments, if ``condition`` is true.</doc>
<arguments>
<arg>'${key}' != 'END'</arg>
<arg>Click On Next Button</arg>
<arg>ELSE</arg>
<arg>Click On Check Result Button</arg>
</arguments>
<kw name="Click On Next Button" library="Common_Actions">
<kw name="Wait Until Page Contains Element" library="GetLibrary">
<doc>Waits until element specified with `locator` appears on current page.</doc>
<arguments>
<arg>${NEXT_BUTTON}</arg>
<arg>30</arg>
</arguments>
<status status="PASS" starttime="20190805 14:53:51.127" endtime="20190805 14:53:52.599"></status>
</kw>
<kw name="Click Element" library="GetLibrary">
<doc>Click element identified by `locator`.</doc>
<arguments>
<arg>${NEXT_BUTTON}</arg>
</arguments>
<msg timestamp="20190805 14:53:52.601" level="INFO">Clicking element 'id=imv_next'.</msg>
<status status="PASS" starttime="20190805 14:53:52.599" endtime="20190805 14:53:53.908"></status>
</kw>
<status status="PASS" starttime="20190805 14:53:51.127" endtime="20190805 14:53:53.908"></status>
</kw>
<status status="PASS" starttime="20190805 14:53:51.127" endtime="20190805 14:53:53.908"></status>
</kw>
<status status="PASS" starttime="20190805 14:53:50.066" endtime="20190805 14:53:53.908"></status>
</kw>
<kw name="${key} = QUESTION_3" type="foritem">
<kw name="Get From Dictionary" library="Collections">
<doc>Returns a value from the given ``dictionary`` based on the given ``key``.</doc>
<arguments>
<arg>${values}</arg>
<arg>${key}</arg>
</arguments>
<assign>
<var>${value}</var>
</assign>
<msg timestamp="20190805 14:53:53.908" level="INFO">${value} = 1. do</msg>
<status status="PASS" starttime="20190805 14:53:53.908" endtime="20190805 14:53:53.908"></status>
</kw>
<kw name="Click On Answer &quot;${value}&quot;" library="Common_Actions">
<kw name="Click On Element By Text" library="Common_Actions">
<arguments>
<arg>${ANSWER}</arg>
<arg>${text}</arg>
</arguments>
<kw name="Replace String" library="String">
<doc>Replaces ``search_for`` in the given ``string`` with ``replace_with``.</doc>
<arguments>
<arg>${element_xpath}</arg>
<arg>${regrex}</arg>
<arg>${text}</arg>
</arguments>
<assign>
<var>${xpath}</var>
</assign>
<msg timestamp="20190805 14:53:53.909" level="INFO">${xpath} = xpath=//*[@resource-id='com.truatvl.englishgrammartest.dev:id/rad_groupd']/*[contains(@text,'1. do')]</msg>
<status status="PASS" starttime="20190805 14:53:53.909" endtime="20190805 14:53:53.909"></status>
</kw>
<kw name="Wait Until Page Contains Element" library="GetLibrary">
<doc>Waits until element specified with `locator` appears on current page.</doc>
<arguments>
<arg>${xpath}</arg>
<arg>30</arg>
</arguments>
<status status="PASS" starttime="20190805 14:53:53.909" endtime="20190805 14:53:54.795"></status>
</kw>
<kw name="Click Element" library="GetLibrary">
<doc>Click element identified by `locator`.</doc>
<arguments>
<arg>${xpath}</arg>
</arguments>
<msg timestamp="20190805 14:53:54.796" level="INFO">Clicking element 'xpath=//*[@resource-id='com.truatvl.englishgrammartest.dev:id/rad_groupd']/*[contains(@text,'1. do')]'.</msg>
<status status="PASS" starttime="20190805 14:53:54.795" endtime="20190805 14:53:54.962"></status>
</kw>
<status status="PASS" starttime="20190805 14:53:53.909" endtime="20190805 14:53:54.963"></status>
</kw>
<status status="PASS" starttime="20190805 14:53:53.908" endtime="20190805 14:53:54.963"></status>
</kw>
<kw name="Run Keyword If" library="BuiltIn">
<doc>Runs the given keyword with the given arguments, if ``condition`` is true.</doc>
<arguments>
<arg>'${key}' != 'END'</arg>
<arg>Click On Next Button</arg>
<arg>ELSE</arg>
<arg>Click On Check Result Button</arg>
</arguments>
<kw name="Click On Next Button" library="Common_Actions">
<kw name="Wait Until Page Contains Element" library="GetLibrary">
<doc>Waits until element specified with `locator` appears on current page.</doc>
<arguments>
<arg>${NEXT_BUTTON}</arg>
<arg>30</arg>
</arguments>
<status status="PASS" starttime="20190805 14:53:54.963" endtime="20190805 14:53:55.674"></status>
</kw>
<kw name="Click Element" library="GetLibrary">
<doc>Click element identified by `locator`.</doc>
<arguments>
<arg>${NEXT_BUTTON}</arg>
</arguments>
<msg timestamp="20190805 14:53:55.676" level="INFO">Clicking element 'id=imv_next'.</msg>
<status status="PASS" starttime="20190805 14:53:55.675" endtime="20190805 14:53:55.968"></status>
</kw>
<status status="PASS" starttime="20190805 14:53:54.963" endtime="20190805 14:53:55.969"></status>
</kw>
<status status="PASS" starttime="20190805 14:53:54.963" endtime="20190805 14:53:55.969"></status>
</kw>
<status status="PASS" starttime="20190805 14:53:53.908" endtime="20190805 14:53:55.969"></status>
</kw>
<kw name="${key} = QUESTION_4" type="foritem">
<kw name="Get From Dictionary" library="Collections">
<doc>Returns a value from the given ``dictionary`` based on the given ``key``.</doc>
<arguments>
<arg>${values}</arg>
<arg>${key}</arg>
</arguments>
<assign>
<var>${value}</var>
</assign>
<msg timestamp="20190805 14:53:55.969" level="INFO">${value} = 2. speak</msg>
<status status="PASS" starttime="20190805 14:53:55.969" endtime="20190805 14:53:55.969"></status>
</kw>
<kw name="Click On Answer &quot;${value}&quot;" library="Common_Actions">
<kw name="Click On Element By Text" library="Common_Actions">
<arguments>
<arg>${ANSWER}</arg>
<arg>${text}</arg>
</arguments>
<kw name="Replace String" library="String">
<doc>Replaces ``search_for`` in the given ``string`` with ``replace_with``.</doc>
<arguments>
<arg>${element_xpath}</arg>
<arg>${regrex}</arg>
<arg>${text}</arg>
</arguments>
<assign>
<var>${xpath}</var>
</assign>
<msg timestamp="20190805 14:53:55.970" level="INFO">${xpath} = xpath=//*[@resource-id='com.truatvl.englishgrammartest.dev:id/rad_groupd']/*[contains(@text,'2. speak')]</msg>
<status status="PASS" starttime="20190805 14:53:55.970" endtime="20190805 14:53:55.970"></status>
</kw>
<kw name="Wait Until Page Contains Element" library="GetLibrary">
<doc>Waits until element specified with `locator` appears on current page.</doc>
<arguments>
<arg>${xpath}</arg>
<arg>30</arg>
</arguments>
<status status="PASS" starttime="20190805 14:53:55.970" endtime="20190805 14:53:56.889"></status>
</kw>
<kw name="Click Element" library="GetLibrary">
<doc>Click element identified by `locator`.</doc>
<arguments>
<arg>${xpath}</arg>
</arguments>
<msg timestamp="20190805 14:53:56.890" level="INFO">Clicking element 'xpath=//*[@resource-id='com.truatvl.englishgrammartest.dev:id/rad_groupd']/*[contains(@text,'2. speak')]'.</msg>
<status status="PASS" starttime="20190805 14:53:56.889" endtime="20190805 14:53:57.030"></status>
</kw>
<status status="PASS" starttime="20190805 14:53:55.970" endtime="20190805 14:53:57.030"></status>
</kw>
<status status="PASS" starttime="20190805 14:53:55.969" endtime="20190805 14:53:57.031"></status>
</kw>
<kw name="Run Keyword If" library="BuiltIn">
<doc>Runs the given keyword with the given arguments, if ``condition`` is true.</doc>
<arguments>
<arg>'${key}' != 'END'</arg>
<arg>Click On Next Button</arg>
<arg>ELSE</arg>
<arg>Click On Check Result Button</arg>
</arguments>
<kw name="Click On Next Button" library="Common_Actions">
<kw name="Wait Until Page Contains Element" library="GetLibrary">
<doc>Waits until element specified with `locator` appears on current page.</doc>
<arguments>
<arg>${NEXT_BUTTON}</arg>
<arg>30</arg>
</arguments>
<status status="PASS" starttime="20190805 14:53:57.031" endtime="20190805 14:53:57.901"></status>
</kw>
<kw name="Click Element" library="GetLibrary">
<doc>Click element identified by `locator`.</doc>
<arguments>
<arg>${NEXT_BUTTON}</arg>
</arguments>
<msg timestamp="20190805 14:53:57.903" level="INFO">Clicking element 'id=imv_next'.</msg>
<status status="PASS" starttime="20190805 14:53:57.901" endtime="20190805 14:53:58.083"></status>
</kw>
<status status="PASS" starttime="20190805 14:53:57.031" endtime="20190805 14:53:58.083"></status>
</kw>
<status status="PASS" starttime="20190805 14:53:57.031" endtime="20190805 14:53:58.083"></status>
</kw>
<status status="PASS" starttime="20190805 14:53:55.969" endtime="20190805 14:53:58.083"></status>
</kw>
<kw name="${key} = QUESTION_5" type="foritem">
<kw name="Get From Dictionary" library="Collections">
<doc>Returns a value from the given ``dictionary`` based on the given ``key``.</doc>
<arguments>
<arg>${values}</arg>
<arg>${key}</arg>
</arguments>
<assign>
<var>${value}</var>
</assign>
<msg timestamp="20190805 14:53:58.084" level="INFO">${value} = 1. know</msg>
<status status="PASS" starttime="20190805 14:53:58.083" endtime="20190805 14:53:58.084"></status>
</kw>
<kw name="Click On Answer &quot;${value}&quot;" library="Common_Actions">
<kw name="Click On Element By Text" library="Common_Actions">
<arguments>
<arg>${ANSWER}</arg>
<arg>${text}</arg>
</arguments>
<kw name="Replace String" library="String">
<doc>Replaces ``search_for`` in the given ``string`` with ``replace_with``.</doc>
<arguments>
<arg>${element_xpath}</arg>
<arg>${regrex}</arg>
<arg>${text}</arg>
</arguments>
<assign>
<var>${xpath}</var>
</assign>
<msg timestamp="20190805 14:53:58.085" level="INFO">${xpath} = xpath=//*[@resource-id='com.truatvl.englishgrammartest.dev:id/rad_groupd']/*[contains(@text,'1. know')]</msg>
<status status="PASS" starttime="20190805 14:53:58.084" endtime="20190805 14:53:58.085"></status>
</kw>
<kw name="Wait Until Page Contains Element" library="GetLibrary">
<doc>Waits until element specified with `locator` appears on current page.</doc>
<arguments>
<arg>${xpath}</arg>
<arg>30</arg>
</arguments>
<status status="PASS" starttime="20190805 14:53:58.085" endtime="20190805 14:53:58.977"></status>
</kw>
<kw name="Click Element" library="GetLibrary">
<doc>Click element identified by `locator`.</doc>
<arguments>
<arg>${xpath}</arg>
</arguments>
<msg timestamp="20190805 14:53:58.979" level="INFO">Clicking element 'xpath=//*[@resource-id='com.truatvl.englishgrammartest.dev:id/rad_groupd']/*[contains(@text,'1. know')]'.</msg>
<status status="PASS" starttime="20190805 14:53:58.977" endtime="20190805 14:53:59.127"></status>
</kw>
<status status="PASS" starttime="20190805 14:53:58.084" endtime="20190805 14:53:59.127"></status>
</kw>
<status status="PASS" starttime="20190805 14:53:58.084" endtime="20190805 14:53:59.127"></status>
</kw>
<kw name="Run Keyword If" library="BuiltIn">
<doc>Runs the given keyword with the given arguments, if ``condition`` is true.</doc>
<arguments>
<arg>'${key}' != 'END'</arg>
<arg>Click On Next Button</arg>
<arg>ELSE</arg>
<arg>Click On Check Result Button</arg>
</arguments>
<kw name="Click On Next Button" library="Common_Actions">
<kw name="Wait Until Page Contains Element" library="GetLibrary">
<doc>Waits until element specified with `locator` appears on current page.</doc>
<arguments>
<arg>${NEXT_BUTTON}</arg>
<arg>30</arg>
</arguments>
<status status="PASS" starttime="20190805 14:53:59.128" endtime="20190805 14:53:59.900"></status>
</kw>
<kw name="Click Element" library="GetLibrary">
<doc>Click element identified by `locator`.</doc>
<arguments>
<arg>${NEXT_BUTTON}</arg>
</arguments>
<msg timestamp="20190805 14:53:59.902" level="INFO">Clicking element 'id=imv_next'.</msg>
<status status="PASS" starttime="20190805 14:53:59.901" endtime="20190805 14:54:00.123"></status>
</kw>
<status status="PASS" starttime="20190805 14:53:59.128" endtime="20190805 14:54:00.123"></status>
</kw>
<status status="PASS" starttime="20190805 14:53:59.127" endtime="20190805 14:54:00.123"></status>
</kw>
<status status="PASS" starttime="20190805 14:53:58.083" endtime="20190805 14:54:00.123"></status>
</kw>
<kw name="${key} = QUESTION_6" type="foritem">
<kw name="Get From Dictionary" library="Collections">
<doc>Returns a value from the given ``dictionary`` based on the given ``key``.</doc>
<arguments>
<arg>${values}</arg>
<arg>${key}</arg>
</arguments>
<assign>
<var>${value}</var>
</assign>
<msg timestamp="20190805 14:54:00.124" level="INFO">${value} = 2. happens</msg>
<status status="PASS" starttime="20190805 14:54:00.124" endtime="20190805 14:54:00.124"></status>
</kw>
<kw name="Click On Answer &quot;${value}&quot;" library="Common_Actions">
<kw name="Click On Element By Text" library="Common_Actions">
<arguments>
<arg>${ANSWER}</arg>
<arg>${text}</arg>
</arguments>
<kw name="Replace String" library="String">
<doc>Replaces ``search_for`` in the given ``string`` with ``replace_with``.</doc>
<arguments>
<arg>${element_xpath}</arg>
<arg>${regrex}</arg>
<arg>${text}</arg>
</arguments>
<assign>
<var>${xpath}</var>
</assign>
<msg timestamp="20190805 14:54:00.125" level="INFO">${xpath} = xpath=//*[@resource-id='com.truatvl.englishgrammartest.dev:id/rad_groupd']/*[contains(@text,'2. happens')]</msg>
<status status="PASS" starttime="20190805 14:54:00.125" endtime="20190805 14:54:00.125"></status>
</kw>
<kw name="Wait Until Page Contains Element" library="GetLibrary">
<doc>Waits until element specified with `locator` appears on current page.</doc>
<arguments>
<arg>${xpath}</arg>
<arg>30</arg>
</arguments>
<status status="PASS" starttime="20190805 14:54:00.125" endtime="20190805 14:54:00.999"></status>
</kw>
<kw name="Click Element" library="GetLibrary">
<doc>Click element identified by `locator`.</doc>
<arguments>
<arg>${xpath}</arg>
</arguments>
<msg timestamp="20190805 14:54:01.000" level="INFO">Clicking element 'xpath=//*[@resource-id='com.truatvl.englishgrammartest.dev:id/rad_groupd']/*[contains(@text,'2. happens')]'.</msg>
<status status="PASS" starttime="20190805 14:54:00.999" endtime="20190805 14:54:01.147"></status>
</kw>
<status status="PASS" starttime="20190805 14:54:00.124" endtime="20190805 14:54:01.147"></status>
</kw>
<status status="PASS" starttime="20190805 14:54:00.124" endtime="20190805 14:54:01.147"></status>
</kw>
<kw name="Run Keyword If" library="BuiltIn">
<doc>Runs the given keyword with the given arguments, if ``condition`` is true.</doc>
<arguments>
<arg>'${key}' != 'END'</arg>
<arg>Click On Next Button</arg>
<arg>ELSE</arg>
<arg>Click On Check Result Button</arg>
</arguments>
<kw name="Click On Next Button" library="Common_Actions">
<kw name="Wait Until Page Contains Element" library="GetLibrary">
<doc>Waits until element specified with `locator` appears on current page.</doc>
<arguments>
<arg>${NEXT_BUTTON}</arg>
<arg>30</arg>
</arguments>
<status status="PASS" starttime="20190805 14:54:01.148" endtime="20190805 14:54:02.177"></status>
</kw>
<kw name="Click Element" library="GetLibrary">
<doc>Click element identified by `locator`.</doc>
<arguments>
<arg>${NEXT_BUTTON}</arg>
</arguments>
<msg timestamp="20190805 14:54:02.180" level="INFO">Clicking element 'id=imv_next'.</msg>
<status status="PASS" starttime="20190805 14:54:02.177" endtime="20190805 14:54:02.235"></status>
</kw>
<status status="PASS" starttime="20190805 14:54:01.148" endtime="20190805 14:54:02.235"></status>
</kw>
<status status="PASS" starttime="20190805 14:54:01.147" endtime="20190805 14:54:02.235"></status>
</kw>
<status status="PASS" starttime="20190805 14:54:00.123" endtime="20190805 14:54:02.235"></status>
</kw>
<kw name="${key} = QUESTION_7" type="foritem">
<kw name="Get From Dictionary" library="Collections">
<doc>Returns a value from the given ``dictionary`` based on the given ``key``.</doc>
<arguments>
<arg>${values}</arg>
<arg>${key}</arg>
</arguments>
<assign>
<var>${value}</var>
</assign>
<msg timestamp="20190805 14:54:02.236" level="INFO">${value} = 1. like</msg>
<status status="PASS" starttime="20190805 14:54:02.236" endtime="20190805 14:54:02.236"></status>
</kw>
<kw name="Click On Answer &quot;${value}&quot;" library="Common_Actions">
<kw name="Click On Element By Text" library="Common_Actions">
<arguments>
<arg>${ANSWER}</arg>
<arg>${text}</arg>
</arguments>
<kw name="Replace String" library="String">
<doc>Replaces ``search_for`` in the given ``string`` with ``replace_with``.</doc>
<arguments>
<arg>${element_xpath}</arg>
<arg>${regrex}</arg>
<arg>${text}</arg>
</arguments>
<assign>
<var>${xpath}</var>
</assign>
<msg timestamp="20190805 14:54:02.237" level="INFO">${xpath} = xpath=//*[@resource-id='com.truatvl.englishgrammartest.dev:id/rad_groupd']/*[contains(@text,'1. like')]</msg>
<status status="PASS" starttime="20190805 14:54:02.236" endtime="20190805 14:54:02.237"></status>
</kw>
<kw name="Wait Until Page Contains Element" library="GetLibrary">
<doc>Waits until element specified with `locator` appears on current page.</doc>
<arguments>
<arg>${xpath}</arg>
<arg>30</arg>
</arguments>
<status status="PASS" starttime="20190805 14:54:02.237" endtime="20190805 14:54:04.625"></status>
</kw>
<kw name="Click Element" library="GetLibrary">
<doc>Click element identified by `locator`.</doc>
<arguments>
<arg>${xpath}</arg>
</arguments>
<msg timestamp="20190805 14:54:04.628" level="INFO">Clicking element 'xpath=//*[@resource-id='com.truatvl.englishgrammartest.dev:id/rad_groupd']/*[contains(@text,'1. like')]'.</msg>
<status status="PASS" starttime="20190805 14:54:04.626" endtime="20190805 14:54:04.794"></status>
</kw>
<status status="PASS" starttime="20190805 14:54:02.236" endtime="20190805 14:54:04.795"></status>
</kw>
<status status="PASS" starttime="20190805 14:54:02.236" endtime="20190805 14:54:04.795"></status>
</kw>
<kw name="Run Keyword If" library="BuiltIn">
<doc>Runs the given keyword with the given arguments, if ``condition`` is true.</doc>
<arguments>
<arg>'${key}' != 'END'</arg>
<arg>Click On Next Button</arg>
<arg>ELSE</arg>
<arg>Click On Check Result Button</arg>
</arguments>
<kw name="Click On Next Button" library="Common_Actions">
<kw name="Wait Until Page Contains Element" library="GetLibrary">
<doc>Waits until element specified with `locator` appears on current page.</doc>
<arguments>
<arg>${NEXT_BUTTON}</arg>
<arg>30</arg>
</arguments>
<status status="PASS" starttime="20190805 14:54:04.795" endtime="20190805 14:54:05.429"></status>
</kw>
<kw name="Click Element" library="GetLibrary">
<doc>Click element identified by `locator`.</doc>
<arguments>
<arg>${NEXT_BUTTON}</arg>
</arguments>
<msg timestamp="20190805 14:54:05.431" level="INFO">Clicking element 'id=imv_next'.</msg>
<status status="PASS" starttime="20190805 14:54:05.430" endtime="20190805 14:54:05.482"></status>
</kw>
<status status="PASS" starttime="20190805 14:54:04.795" endtime="20190805 14:54:05.482"></status>
</kw>
<status status="PASS" starttime="20190805 14:54:04.795" endtime="20190805 14:54:05.482"></status>
</kw>
<status status="PASS" starttime="20190805 14:54:02.235" endtime="20190805 14:54:05.483"></status>
</kw>
<kw name="${key} = QUESTION_8" type="foritem">
<kw name="Get From Dictionary" library="Collections">
<doc>Returns a value from the given ``dictionary`` based on the given ``key``.</doc>
<arguments>
<arg>${values}</arg>
<arg>${key}</arg>
</arguments>
<assign>
<var>${value}</var>
</assign>
<msg timestamp="20190805 14:54:05.483" level="INFO">${value} = 2. thinks</msg>
<status status="PASS" starttime="20190805 14:54:05.483" endtime="20190805 14:54:05.483"></status>
</kw>
<kw name="Click On Answer &quot;${value}&quot;" library="Common_Actions">
<kw name="Click On Element By Text" library="Common_Actions">
<arguments>
<arg>${ANSWER}</arg>
<arg>${text}</arg>
</arguments>
<kw name="Replace String" library="String">
<doc>Replaces ``search_for`` in the given ``string`` with ``replace_with``.</doc>
<arguments>
<arg>${element_xpath}</arg>
<arg>${regrex}</arg>
<arg>${text}</arg>
</arguments>
<assign>
<var>${xpath}</var>
</assign>
<msg timestamp="20190805 14:54:05.484" level="INFO">${xpath} = xpath=//*[@resource-id='com.truatvl.englishgrammartest.dev:id/rad_groupd']/*[contains(@text,'2. thinks')]</msg>
<status status="PASS" starttime="20190805 14:54:05.484" endtime="20190805 14:54:05.484"></status>
</kw>
<kw name="Wait Until Page Contains Element" library="GetLibrary">
<doc>Waits until element specified with `locator` appears on current page.</doc>
<arguments>
<arg>${xpath}</arg>
<arg>30</arg>
</arguments>
<status status="PASS" starttime="20190805 14:54:05.484" endtime="20190805 14:54:05.806"></status>
</kw>
<kw name="Click Element" library="GetLibrary">
<doc>Click element identified by `locator`.</doc>
<arguments>
<arg>${xpath}</arg>
</arguments>
<msg timestamp="20190805 14:54:05.808" level="INFO">Clicking element 'xpath=//*[@resource-id='com.truatvl.englishgrammartest.dev:id/rad_groupd']/*[contains(@text,'2. thinks')]'.</msg>
<status status="PASS" starttime="20190805 14:54:05.806" endtime="20190805 14:54:06.416"></status>
</kw>
<status status="PASS" starttime="20190805 14:54:05.483" endtime="20190805 14:54:06.416"></status>
</kw>
<status status="PASS" starttime="20190805 14:54:05.483" endtime="20190805 14:54:06.416"></status>
</kw>
<kw name="Run Keyword If" library="BuiltIn">
<doc>Runs the given keyword with the given arguments, if ``condition`` is true.</doc>
<arguments>
<arg>'${key}' != 'END'</arg>
<arg>Click On Next Button</arg>
<arg>ELSE</arg>
<arg>Click On Check Result Button</arg>
</arguments>
<kw name="Click On Next Button" library="Common_Actions">
<kw name="Wait Until Page Contains Element" library="GetLibrary">
<doc>Waits until element specified with `locator` appears on current page.</doc>
<arguments>
<arg>${NEXT_BUTTON}</arg>
<arg>30</arg>
</arguments>
<status status="PASS" starttime="20190805 14:54:06.417" endtime="20190805 14:54:06.479"></status>
</kw>
<kw name="Click Element" library="GetLibrary">
<doc>Click element identified by `locator`.</doc>
<arguments>
<arg>${NEXT_BUTTON}</arg>
</arguments>
<msg timestamp="20190805 14:54:06.482" level="INFO">Clicking element 'id=imv_next'.</msg>
<status status="PASS" starttime="20190805 14:54:06.480" endtime="20190805 14:54:07.079"></status>
</kw>
<status status="PASS" starttime="20190805 14:54:06.417" endtime="20190805 14:54:07.079"></status>
</kw>
<status status="PASS" starttime="20190805 14:54:06.416" endtime="20190805 14:54:07.079"></status>
</kw>
<status status="PASS" starttime="20190805 14:54:05.483" endtime="20190805 14:54:07.079"></status>
</kw>
<kw name="${key} = QUESTION_9" type="foritem">
<kw name="Get From Dictionary" library="Collections">
<doc>Returns a value from the given ``dictionary`` based on the given ``key``.</doc>
<arguments>
<arg>${values}</arg>
<arg>${key}</arg>
</arguments>
<assign>
<var>${value}</var>
</assign>
<msg timestamp="20190805 14:54:07.079" level="INFO">${value} = 1. study</msg>
<status status="PASS" starttime="20190805 14:54:07.079" endtime="20190805 14:54:07.079"></status>
</kw>
<kw name="Click On Answer &quot;${value}&quot;" library="Common_Actions">
<kw name="Click On Element By Text" library="Common_Actions">
<arguments>
<arg>${ANSWER}</arg>
<arg>${text}</arg>
</arguments>
<kw name="Replace String" library="String">
<doc>Replaces ``search_for`` in the given ``string`` with ``replace_with``.</doc>
<arguments>
<arg>${element_xpath}</arg>
<arg>${regrex}</arg>
<arg>${text}</arg>
</arguments>
<assign>
<var>${xpath}</var>
</assign>
<msg timestamp="20190805 14:54:07.081" level="INFO">${xpath} = xpath=//*[@resource-id='com.truatvl.englishgrammartest.dev:id/rad_groupd']/*[contains(@text,'1. study')]</msg>
<status status="PASS" starttime="20190805 14:54:07.080" endtime="20190805 14:54:07.081"></status>
</kw>
<kw name="Wait Until Page Contains Element" library="GetLibrary">
<doc>Waits until element specified with `locator` appears on current page.</doc>
<arguments>
<arg>${xpath}</arg>
<arg>30</arg>
</arguments>
<status status="PASS" starttime="20190805 14:54:07.081" endtime="20190805 14:54:07.971"></status>
</kw>
<kw name="Click Element" library="GetLibrary">
<doc>Click element identified by `locator`.</doc>
<arguments>
<arg>${xpath}</arg>
</arguments>
<msg timestamp="20190805 14:54:07.973" level="INFO">Clicking element 'xpath=//*[@resource-id='com.truatvl.englishgrammartest.dev:id/rad_groupd']/*[contains(@text,'1. study')]'.</msg>
<status status="PASS" starttime="20190805 14:54:07.971" endtime="20190805 14:54:08.114"></status>
</kw>
<status status="PASS" starttime="20190805 14:54:07.080" endtime="20190805 14:54:08.115"></status>
</kw>
<status status="PASS" starttime="20190805 14:54:07.079" endtime="20190805 14:54:08.115"></status>
</kw>
<kw name="Run Keyword If" library="BuiltIn">
<doc>Runs the given keyword with the given arguments, if ``condition`` is true.</doc>
<arguments>
<arg>'${key}' != 'END'</arg>
<arg>Click On Next Button</arg>
<arg>ELSE</arg>
<arg>Click On Check Result Button</arg>
</arguments>
<kw name="Click On Next Button" library="Common_Actions">
<kw name="Wait Until Page Contains Element" library="GetLibrary">
<doc>Waits until element specified with `locator` appears on current page.</doc>
<arguments>
<arg>${NEXT_BUTTON}</arg>
<arg>30</arg>
</arguments>
<status status="PASS" starttime="20190805 14:54:08.115" endtime="20190805 14:54:08.738"></status>
</kw>
<kw name="Click Element" library="GetLibrary">
<doc>Click element identified by `locator`.</doc>
<arguments>
<arg>${NEXT_BUTTON}</arg>
</arguments>
<msg timestamp="20190805 14:54:08.740" level="INFO">Clicking element 'id=imv_next'.</msg>
<status status="PASS" starttime="20190805 14:54:08.738" endtime="20190805 14:54:08.792"></status>
</kw>
<status status="PASS" starttime="20190805 14:54:08.115" endtime="20190805 14:54:08.792"></status>
</kw>
<status status="PASS" starttime="20190805 14:54:08.115" endtime="20190805 14:54:08.792"></status>
</kw>
<status status="PASS" starttime="20190805 14:54:07.079" endtime="20190805 14:54:08.792"></status>
</kw>
<kw name="${key} = END" type="foritem">
<kw name="Get From Dictionary" library="Collections">
<doc>Returns a value from the given ``dictionary`` based on the given ``key``.</doc>
<arguments>
<arg>${values}</arg>
<arg>${key}</arg>
</arguments>
<assign>
<var>${value}</var>
</assign>
<msg timestamp="20190805 14:54:08.793" level="INFO">${value} = 2. help</msg>
<status status="PASS" starttime="20190805 14:54:08.792" endtime="20190805 14:54:08.793"></status>
</kw>
<kw name="Click On Answer &quot;${value}&quot;" library="Common_Actions">
<kw name="Click On Element By Text" library="Common_Actions">
<arguments>
<arg>${ANSWER}</arg>
<arg>${text}</arg>
</arguments>
<kw name="Replace String" library="String">
<doc>Replaces ``search_for`` in the given ``string`` with ``replace_with``.</doc>
<arguments>
<arg>${element_xpath}</arg>
<arg>${regrex}</arg>
<arg>${text}</arg>
</arguments>
<assign>
<var>${xpath}</var>
</assign>
<msg timestamp="20190805 14:54:08.794" level="INFO">${xpath} = xpath=//*[@resource-id='com.truatvl.englishgrammartest.dev:id/rad_groupd']/*[contains(@text,'2. help')]</msg>
<status status="PASS" starttime="20190805 14:54:08.794" endtime="20190805 14:54:08.794"></status>
</kw>
<kw name="Wait Until Page Contains Element" library="GetLibrary">
<doc>Waits until element specified with `locator` appears on current page.</doc>
<arguments>
<arg>${xpath}</arg>
<arg>30</arg>
</arguments>
<status status="PASS" starttime="20190805 14:54:08.794" endtime="20190805 14:54:09.645"></status>
</kw>
<kw name="Click Element" library="GetLibrary">
<doc>Click element identified by `locator`.</doc>
<arguments>
<arg>${xpath}</arg>
</arguments>
<msg timestamp="20190805 14:54:09.647" level="INFO">Clicking element 'xpath=//*[@resource-id='com.truatvl.englishgrammartest.dev:id/rad_groupd']/*[contains(@text,'2. help')]'.</msg>
<status status="PASS" starttime="20190805 14:54:09.646" endtime="20190805 14:54:09.809"></status>
</kw>
<status status="PASS" starttime="20190805 14:54:08.793" endtime="20190805 14:54:09.809"></status>
</kw>
<status status="PASS" starttime="20190805 14:54:08.793" endtime="20190805 14:54:09.809"></status>
</kw>
<kw name="Run Keyword If" library="BuiltIn">
<doc>Runs the given keyword with the given arguments, if ``condition`` is true.</doc>
<arguments>
<arg>'${key}' != 'END'</arg>
<arg>Click On Next Button</arg>
<arg>ELSE</arg>
<arg>Click On Check Result Button</arg>
</arguments>
<kw name="Click On Check Result Button" library="Common_Actions">
<kw name="Wait Until Page Contains Element" library="GetLibrary">
<doc>Waits until element specified with `locator` appears on current page.</doc>
<arguments>
<arg>${CHECK_RESULT_BUTTON}</arg>
<arg>30</arg>
</arguments>
<status status="PASS" starttime="20190805 14:54:09.810" endtime="20190805 14:54:10.529"></status>
</kw>
<kw name="Click Element" library="GetLibrary">
<doc>Click element identified by `locator`.</doc>
<arguments>
<arg>${CHECK_RESULT_BUTTON}</arg>
</arguments>
<msg timestamp="20190805 14:54:10.530" level="INFO">Clicking element 'xpath=//*[@resource-id='com.truatvl.englishgrammartest.dev:id/btn_check_result']'.</msg>
<status status="PASS" starttime="20190805 14:54:10.529" endtime="20190805 14:54:10.902"></status>
</kw>
<status status="PASS" starttime="20190805 14:54:09.810" endtime="20190805 14:54:10.902"></status>
</kw>
<status status="PASS" starttime="20190805 14:54:09.810" endtime="20190805 14:54:10.902"></status>
</kw>
<status status="PASS" starttime="20190805 14:54:08.792" endtime="20190805 14:54:10.902"></status>
</kw>
<status status="PASS" starttime="20190805 14:53:47.899" endtime="20190805 14:54:10.902"></status>
</kw>
<status status="PASS" starttime="20190805 14:53:47.899" endtime="20190805 14:54:10.902"></status>
</kw>
<kw name="Then User Should See The Result Page" library="Common_Page">
<kw name="Result Page Should Be Displayed" library="Common_Actions">
<kw name="Page Should Contain Element" library="GetLibrary">
<doc>Verifies that current page contains `locator` element.</doc>
<arguments>
<arg>${CHECK_YOUR_ANSWERS_BUTTON}</arg>
</arguments>
<msg timestamp="20190805 14:54:11.015" level="INFO">Current page contains element 'id=tv_check_ans'.</msg>
<status status="PASS" starttime="20190805 14:54:10.903" endtime="20190805 14:54:11.016"></status>
</kw>
<status status="PASS" starttime="20190805 14:54:10.903" endtime="20190805 14:54:11.016"></status>
</kw>
<status status="PASS" starttime="20190805 14:54:10.902" endtime="20190805 14:54:11.016"></status>
</kw>
<kw name="User Cleanup Test Case" library="Base_Test" type="teardown">
<kw name="Capture Page Screenshot" library="GetLibrary">
<doc>Takes a screenshot of the current page and embeds it into the log.</doc>
<msg timestamp="20190805 14:54:11.677" level="INFO" html="yes">&lt;/td&gt;&lt;/tr&gt;&lt;tr&gt;&lt;td colspan="3"&gt;&lt;a href="appium-screenshot-1.png"&gt;&lt;img src="appium-screenshot-1.png" width="800px"&gt;&lt;/a&gt;</msg>
<status status="PASS" starttime="20190805 14:54:11.018" endtime="20190805 14:54:11.677"></status>
</kw>
<status status="PASS" starttime="20190805 14:54:11.017" endtime="20190805 14:54:11.677"></status>
</kw>
<tags>
<tag>statement_easy</tag>
<tag>statement_easy_1</tag>
</tags>
<status status="PASS" starttime="20190805 14:53:44.612" endtime="20190805 14:54:11.678" critical="yes"></status>
</test>
<kw name="User Cleanup The Test Environment" library="Base_Test" type="teardown">
<kw name="Close Application" library="GetLibrary">
<doc>Closes the current application and also close webdriver session.</doc>
<status status="PASS" starttime="20190805 14:54:11.680" endtime="20190805 14:54:12.270"></status>
</kw>
<status status="PASS" starttime="20190805 14:54:11.680" endtime="20190805 14:54:12.270"></status>
</kw>
<status status="PASS" starttime="20190805 14:53:34.565" endtime="20190805 14:54:12.270"></status>
</suite>
<status status="PASS" starttime="20190805 14:53:34.564" endtime="20190805 14:54:12.271"></status>
</suite>
<status status="PASS" starttime="20190805 14:53:34.562" endtime="20190805 14:54:12.272"></status>
</suite>
<status status="PASS" starttime="20190805 14:53:34.561" endtime="20190805 14:54:12.274"></status>
</suite>
<status status="PASS" starttime="20190805 14:53:34.559" endtime="20190805 14:54:12.275"></status>
</suite>
<status status="PASS" starttime="20190805 14:53:34.540" endtime="20190805 14:54:12.276"></status>
</suite>
<statistics>
<total>
<stat pass="1" fail="0">Critical Tests</stat>
<stat pass="1" fail="0">All Tests</stat>
</total>
<tag>
<stat pass="1" fail="0">statement_easy</stat>
<stat pass="1" fail="0">statement_easy_1</stat>
</tag>
<suite>
<stat pass="1" fail="0" id="s1" name="Tests">Tests</stat>
<stat pass="1" fail="0" id="s1-s1" name="Suite">Tests.Suite</stat>
<stat pass="1" fail="0" id="s1-s1-s1" name="Beginner">Tests.Suite.Beginner</stat>
<stat pass="1" fail="0" id="s1-s1-s1-s1" name="Topic">Tests.Suite.Beginner.Topic</stat>
<stat pass="1" fail="0" id="s1-s1-s1-s1-s1" name="Present Simple">Tests.Suite.Beginner.Topic.Present Simple</stat>
<stat pass="1" fail="0" id="s1-s1-s1-s1-s1-s1" name="Statement Easy">Tests.Suite.Beginner.Topic.Present Simple.Statement Easy</stat>
</suite>
</statistics>
<errors>
</errors>
</robot>
